<?xml version="1.0" encoding="UTF-8"?>
<!-- Generated by org.testng.reporters.JUnitXMLReporter -->
<testsuite ignored="7" hostname="Imran" failures="0" tests="5" name="Default test" time="0.035" errors="0" timestamp="12 Oct 2023 15:12:55 GMT">
  <testcase classname="testcases.CarLoanTest" name="test4" time="0.003"/>
  <testcase classname="testcases.HomeLoanTest" name="test1" time="0.001"/>
  <testcase classname="testcases.CarLoanTest" name="test3" time="0.001"/>
  <testcase classname="testcases.CreditCardTest" name="test5" time="0.0"/>
  <testcase classname="testcases.CreditCardTest" name="test6" time="0.0"/>
  <testcase classname="testcases.BaseClass" name="@BeforeTest before1" time="0.0">
    <ignored/>
  </testcase> <!-- @BeforeTest before1 -->
  <testcase classname="testcases.BaseClass" name="@BeforeTest before1" time="0.0">
    <ignored/>
  </testcase> <!-- @BeforeTest before1 -->
  <testcase classname="testcases.BaseClass" name="@BeforeTest before1" time="0.0">
    <ignored/>
  </testcase> <!-- @BeforeTest before1 -->
  <testcase classname="testcases.BaseClass" name="@AfterTest before2" time="0.0">
    <ignored/>
  </testcase> <!-- @AfterTest before2 -->
  <testcase classname="testcases.BaseClass" name="@AfterTest before2" time="0.0">
    <ignored/>
  </testcase> <!-- @AfterTest before2 -->
  <testcase classname="testcases.BaseClass" name="@AfterTest before2" time="0.0">
    <ignored/>
  </testcase> <!-- @AfterTest before2 -->
  <testcase classname="testcases.HomeLoanTest" name="test2" time="0.0">
    <ignored/>
  </testcase> <!-- test2 -->
</testsuite> <!-- Default test -->
