<?xml version="1.0" encoding="UTF-8"?>
<!-- Generated by org.testng.reporters.JUnitXMLReporter -->
<testsuite ignored="9" hostname="Imran" failures="0" tests="1" name="Test" time="0.023" errors="0" timestamp="12 Oct 2023 14:55:23 GMT">
  <testcase classname="testcases.CreditCardTest" name="test5" time="0.003"/>
  <testcase classname="testcases.HomeLoanTest" name="test1" time="0.0">
    <ignored/>
  </testcase> <!-- test1 -->
  <testcase classname="testcases.CreditCardTest" name="test6" time="0.0">
    <ignored/>
  </testcase> <!-- test6 -->
  <testcase classname="testcases.CarLoanTest" name="test4" time="0.0">
    <ignored/>
  </testcase> <!-- test4 -->
  <testcase classname="testcases.CarLoanTest" name="test3" time="0.0">
    <ignored/>
  </testcase> <!-- test3 -->
  <testcase classname="testcases.BaseClass" name="@BeforeTest before1" time="0.0">
    <ignored/>
  </testcase> <!-- @BeforeTest before1 -->
  <testcase classname="testcases.BaseClass" name="@BeforeTest before1" time="0.0">
    <ignored/>
  </testcase> <!-- @BeforeTest before1 -->
  <testcase classname="testcases.BaseClass" name="@AfterTest before2" time="0.0">
    <ignored/>
  </testcase> <!-- @AfterTest before2 -->
  <testcase classname="testcases.BaseClass" name="@AfterTest before2" time="0.0">
    <ignored/>
  </testcase> <!-- @AfterTest before2 -->
  <testcase classname="testcases.HomeLoanTest" name="test2" time="0.0">
    <ignored/>
  </testcase> <!-- test2 -->
</testsuite> <!-- Test -->
